2026-01-10 18:41:52.162339+0100 TravelCompanion[22800:69300174] You've implemented -[<UIApplicationDelegate> application:didReceiveRemoteNotification:fetchCompletionHandler:], but you still need to add "remote-notification" to the list of your supported UIBackgroundModes in your Info.plist.
AppDelegate: Application did finish launching
SceneDelegate: Scene connected
SceneDelegate: Scene will enter foreground
2026-01-10 18:41:53.189132+0100 TravelCompanion[22800:69300577] [General] Failed to send CA Event for app launch measurements for ca_event_type: 0 event_name: com.apple.app_launch_measurement.FirstFramePresentationMetric
SceneDelegate: Scene became active
AppDelegate: Notification authorization status: 0
AppDelegate: Geofencing synced. Monitoring 0 regions
GeofenceManager: Authorization changed to 0
2026-01-10 18:41:53.246926+0100 TravelCompanion[22800:69300577] [General] Failed to send CA Event for app launch measurements for ca_event_type: 1 event_name: com.apple.app_launch_measurement.ExtendedLaunchMetrics
Test Suite 'StringExtensionsTests' started at 2026-01-10 18:41:54.481.
Test Case '-[TravelCompanionTests.StringExtensionsTests testCapitalizedFirst_AlreadyCapitalized_ShouldNotChange]' started.
Test Case '-[TravelCompanionTests.StringExtensionsTests testCapitalizedFirst_AlreadyCapitalized_ShouldNotChange]' passed (0.002 seconds).
Test Case '-[TravelCompanionTests.StringExtensionsTests testCapitalizedFirst_ShouldCapitalizeFirstLetter]' started.
Test Case '-[TravelCompanionTests.StringExtensionsTests testCapitalizedFirst_ShouldCapitalizeFirstLetter]' passed (0.000 seconds).
Test Case '-[TravelCompanionTests.StringExtensionsTests testCapitalizedFirst_WithEmptyString_ShouldReturnEmpty]' started.
Test Case '-[TravelCompanionTests.StringExtensionsTests testCapitalizedFirst_WithEmptyString_ShouldReturnEmpty]' passed (0.000 seconds).
Test Case '-[TravelCompanionTests.StringExtensionsTests testIsNotEmpty_WithEmptyString_ShouldReturnFalse]' started.
Test Case '-[TravelCompanionTests.StringExtensionsTests testIsNotEmpty_WithEmptyString_ShouldReturnFalse]' passed (0.000 seconds).
Test Case '-[TravelCompanionTests.StringExtensionsTests testIsNotEmpty_WithNonEmptyString_ShouldReturnTrue]' started.
Test Case '-[TravelCompanionTests.StringExtensionsTests testIsNotEmpty_WithNonEmptyString_ShouldReturnTrue]' passed (0.004 seconds).
Test Case '-[TravelCompanionTests.StringExtensionsTests testIsValidDestination_WithEmptyString_ShouldReturnFalse]' started.
Test Case '-[TravelCompanionTests.StringExtensionsTests testIsValidDestination_WithEmptyString_ShouldReturnFalse]' passed (0.000 seconds).
Test Case '-[TravelCompanionTests.StringExtensionsTests testIsValidDestination_WithMixedContent_ShouldReturnFalse]' started.
Test Case '-[TravelCompanionTests.StringExtensionsTests testIsValidDestination_WithMixedContent_ShouldReturnFalse]' passed (0.001 seconds).
Test Case '-[TravelCompanionTests.StringExtensionsTests testIsValidDestination_WithOnlyNumbers_ShouldReturnFalse]' started.
Test Case '-[TravelCompanionTests.StringExtensionsTests testIsValidDestination_WithOnlyNumbers_ShouldReturnFalse]' passed (0.017 seconds).
Test Case '-[TravelCompanionTests.StringExtensionsTests testIsValidDestination_WithOnlyWhitespace_ShouldReturnFalse]' started.
Test Case '-[TravelCompanionTests.StringExtensionsTests testIsValidDestination_WithOnlyWhitespace_ShouldReturnFalse]' passed (0.000 seconds).
Test Case '-[TravelCompanionTests.StringExtensionsTests testIsValidDestination_WithTooShortString_ShouldReturnFalse]' started.
Test Case '-[TravelCompanionTests.StringExtensionsTests testIsValidDestination_WithTooShortString_ShouldReturnFalse]' passed (0.000 seconds).
Test Case '-[TravelCompanionTests.StringExtensionsTests testIsValidDestination_WithValidDestination_ShouldReturnTrue]' started.
Test Case '-[TravelCompanionTests.StringExtensionsTests testIsValidDestination_WithValidDestination_ShouldReturnTrue]' passed (0.001 seconds).
Test Case '-[TravelCompanionTests.StringExtensionsTests testSafeRangeSubscript_WithOutOfBoundsRange_ShouldReturnNil]' started.
Test Case '-[TravelCompanionTests.StringExtensionsTests testSafeRangeSubscript_WithOutOfBoundsRange_ShouldReturnNil]' passed (0.001 seconds).
Test Case '-[TravelCompanionTests.StringExtensionsTests testSafeRangeSubscript_WithValidRange_ShouldReturnSubstring]' started.
Test Case '-[TravelCompanionTests.StringExtensionsTests testSafeRangeSubscript_WithValidRange_ShouldReturnSubstring]' passed (0.000 seconds).
Test Case '-[TravelCompanionTests.StringExtensionsTests testSafeSubscript_WithNegativeIndex_ShouldReturnNil]' started.
Test Case '-[TravelCompanionTests.StringExtensionsTests testSafeSubscript_WithNegativeIndex_ShouldReturnNil]' passed (0.000 seconds).
Test Case '-[TravelCompanionTests.StringExtensionsTests testSafeSubscript_WithOutOfBoundsIndex_ShouldReturnNil]' started.
Test Case '-[TravelCompanionTests.StringExtensionsTests testSafeSubscript_WithOutOfBoundsIndex_ShouldReturnNil]' passed (0.000 seconds).
Test Case '-[TravelCompanionTests.StringExtensionsTests testSafeSubscript_WithValidIndex_ShouldReturnCharacter]' started.
Test Case '-[TravelCompanionTests.StringExtensionsTests testSafeSubscript_WithValidIndex_ShouldReturnCharacter]' passed (0.000 seconds).
Test Case '-[TravelCompanionTests.StringExtensionsTests testTrimmed_ShouldNotAffectInternalWhitespace]' started.
Test Case '-[TravelCompanionTests.StringExtensionsTests testTrimmed_ShouldNotAffectInternalWhitespace]' passed (0.000 seconds).
Test Case '-[TravelCompanionTests.StringExtensionsTests testTrimmed_ShouldRemoveBothEndsWhitespace]' started.
Test Case '-[TravelCompanionTests.StringExtensionsTests testTrimmed_ShouldRemoveBothEndsWhitespace]' passed (0.000 seconds).
Test Case '-[TravelCompanionTests.StringExtensionsTests testTrimmed_ShouldRemoveLeadingWhitespace]' started.
Test Case '-[TravelCompanionTests.StringExtensionsTests testTrimmed_ShouldRemoveLeadingWhitespace]' passed (0.000 seconds).
Test Case '-[TravelCompanionTests.StringExtensionsTests testTrimmed_ShouldRemoveTrailingWhitespace]' started.
Test Case '-[TravelCompanionTests.StringExtensionsTests testTrimmed_ShouldRemoveTrailingWhitespace]' passed (0.000 seconds).
Test Case '-[TravelCompanionTests.StringExtensionsTests testTruncated_WhenExactlyAtLimit_ShouldReturnOriginal]' started.
Test Case '-[TravelCompanionTests.StringExtensionsTests testTruncated_WhenExactlyAtLimit_ShouldReturnOriginal]' passed (0.000 seconds).
Test Case '-[TravelCompanionTests.StringExtensionsTests testTruncated_WhenLongerThanLimit_ShouldTruncateWithEllipsis]' started.
Test Case '-[TravelCompanionTests.StringExtensionsTests testTruncated_WhenLongerThanLimit_ShouldTruncateWithEllipsis]' passed (0.002 seconds).
Test Case '-[TravelCompanionTests.StringExtensionsTests testTruncated_WhenShorterThanLimit_ShouldReturnOriginal]' started.
Test Case '-[TravelCompanionTests.StringExtensionsTests testTruncated_WhenShorterThanLimit_ShouldReturnOriginal]' passed (0.000 seconds).
Test Case '-[TravelCompanionTests.StringExtensionsTests testUrlEncoded_WithSpaces_ShouldEncode]' started.
Test Case '-[TravelCompanionTests.StringExtensionsTests testUrlEncoded_WithSpaces_ShouldEncode]' passed (0.001 seconds).
Test Case '-[TravelCompanionTests.StringExtensionsTests testUrlEncoded_WithSpecialCharacters_ShouldEncode]' started.
Test Case '-[TravelCompanionTests.StringExtensionsTests testUrlEncoded_WithSpecialCharacters_ShouldEncode]' passed (0.000 seconds).
Test Case '-[TravelCompanionTests.StringExtensionsTests testWithoutWhitespace_ShouldRemoveAllWhitespace]' started.
Test Case '-[TravelCompanionTests.StringExtensionsTests testWithoutWhitespace_ShouldRemoveAllWhitespace]' passed (0.001 seconds).
Test Case '-[TravelCompanionTests.StringExtensionsTests testWithoutWhitespace_WithNoWhitespace_ShouldReturnOriginal]' started.
Test Case '-[TravelCompanionTests.StringExtensionsTests testWithoutWhitespace_WithNoWhitespace_ShouldReturnOriginal]' passed (0.000 seconds).
Test Case '-[TravelCompanionTests.StringExtensionsTests testWordCount_WithEmptyString_ShouldReturnZero]' started.
Test Case '-[TravelCompanionTests.StringExtensionsTests testWordCount_WithEmptyString_ShouldReturnZero]' passed (0.000 seconds).
Test Case '-[TravelCompanionTests.StringExtensionsTests testWordCount_WithExtraWhitespace_ShouldIgnoreExtra]' started.
Test Case '-[TravelCompanionTests.StringExtensionsTests testWordCount_WithExtraWhitespace_ShouldIgnoreExtra]' passed (0.019 seconds).
Test Case '-[TravelCompanionTests.StringExtensionsTests testWordCount_WithMultipleWords_ShouldReturnCorrectCount]' started.
Test Case '-[TravelCompanionTests.StringExtensionsTests testWordCount_WithMultipleWords_ShouldReturnCorrectCount]' passed (0.000 seconds).
Test Case '-[TravelCompanionTests.StringExtensionsTests testWordCount_WithSingleWord_ShouldReturnOne]' started.
Test Case '-[TravelCompanionTests.StringExtensionsTests testWordCount_WithSingleWord_ShouldReturnOne]' passed (0.000 seconds).
Test Suite 'StringExtensionsTests' passed at 2026-01-10 18:41:54.609.
	 Executed 31 tests, with 0 failures (0 unexpected) in 0.056 (0.128) seconds
Test Suite 'CoreDataManagerTests' started at 2026-01-10 18:41:54.616.
Test Case '-[TravelCompanionTests.CoreDataManagerTests testAddRoutePoint_ShouldAddToTrip]' started.
2026-01-10 18:41:54.626027+0100 TravelCompanion[22800:69300174] [error] warning: Multiple NSEntityDescriptions claim the NSManagedObject subclass 'Trip' so +entity is unable to disambiguate.
CoreData: warning: Multiple NSEntityDescriptions claim the NSManagedObject subclass 'Trip' so +entity is unable to disambiguate.
2026-01-10 18:41:54.626283+0100 TravelCompanion[22800:69300174] [error] warning:  	 'Trip' (0x60000350c2c0) from NSManagedObjectModel (0x60000215c9b0) claims 'Trip'.
CoreData: warning:  	 'Trip' (0x60000350c2c0) from NSManagedObjectModel (0x60000215c9b0) claims 'Trip'.
2026-01-10 18:41:54.626336+0100 TravelCompanion[22800:69300174] [error] warning:  	 'Trip' (0x6000035293f0) from NSManagedObjectModel (0x6000021769e0) claims 'Trip'.
CoreData: warning:  	 'Trip' (0x6000035293f0) from NSManagedObjectModel (0x6000021769e0) claims 'Trip'.
2026-01-10 18:41:54.626384+0100 TravelCompanion[22800:69300174] [error] error: +[Trip entity] Failed to find a unique match for an NSEntityDescription to a managed object subclass
CoreData: error: +[Trip entity] Failed to find a unique match for an NSEntityDescription to a managed object subclass
2026-01-10 18:41:54.645024+0100 TravelCompanion[22800:69300174] [error] warning: Multiple NSEntityDescriptions claim the NSManagedObject subclass 'Route' so +entity is unable to disambiguate.
CoreData: warning: Multiple NSEntityDescriptions claim the NSManagedObject subclass 'Route' so +entity is unable to disambiguate.
2026-01-10 18:41:54.645105+0100 TravelCompanion[22800:69300174] [error] warning:  	 'Route' (0x60000350c790) from NSManagedObjectModel (0x60000215c9b0) claims 'Route'.
CoreData: warning:  	 'Route' (0x60000350c790) from NSManagedObjectModel (0x60000215c9b0) claims 'Route'.
2026-01-10 18:41:54.645151+0100 TravelCompanion[22800:69300174] [error] warning:  	 'Route' (0x600003528160) from NSManagedObjectModel (0x6000021769e0) claims 'Route'.
CoreData: warning:  	 'Route' (0x600003528160) from NSManagedObjectModel (0x6000021769e0) claims 'Route'.
2026-01-10 18:41:54.645183+0100 TravelCompanion[22800:69300174] [error] error: +[Route entity] Failed to find a unique match for an NSEntityDescription to a managed object subclass
CoreData: error: +[Route entity] Failed to find a unique match for an NSEntityDescription to a managed object subclass
Test Case '-[TravelCompanionTests.CoreDataManagerTests testAddRoutePoint_ShouldAddToTrip]' passed (0.047 seconds).
Test Case '-[TravelCompanionTests.CoreDataManagerTests testCreateGeofenceZone_ShouldCreateZone]' started.
2026-01-10 18:41:54.672245+0100 TravelCompanion[22800:69300174] [error] warning: Multiple NSEntityDescriptions claim the NSManagedObject subclass 'GeofenceZone' so +entity is unable to disambiguate.
CoreData: warning: Multiple NSEntityDescriptions claim the NSManagedObject subclass 'GeofenceZone' so +entity is unable to disambiguate.
2026-01-10 18:41:54.672308+0100 TravelCompanion[22800:69300174] [error] warning:  	 'GeofenceZone' (0x60000350cc60) from NSManagedObjectModel (0x60000215c9b0) claims 'GeofenceZone'.
CoreData: warning:  	 'GeofenceZone' (0x60000350cc60) from NSManagedObjectModel (0x60000215c9b0) claims 'GeofenceZone'.
2026-01-10 18:41:54.672370+0100 TravelCompanion[22800:69300174] [error] warning:  	 'GeofenceZone' (0x6000035111e0) from NSManagedObjectModel (0x60000214f840) claims 'GeofenceZone'.
CoreData: warning:  	 'GeofenceZone' (0x6000035111e0) from NSManagedObjectModel (0x60000214f840) claims 'GeofenceZone'.
2026-01-10 18:41:54.679080+0100 TravelCompanion[22800:69300174] [error] error: +[GeofenceZone entity] Failed to find a unique match for an NSEntityDescription to a managed object subclass
CoreData: error: +[GeofenceZone entity] Failed to find a unique match for an NSEntityDescription to a managed object subclass
Test Case '-[TravelCompanionTests.CoreDataManagerTests testCreateGeofenceZone_ShouldCreateZone]' passed (0.015 seconds).
Test Case '-[TravelCompanionTests.CoreDataManagerTests testCreateNote_ShouldAddToTrip]' started.
2026-01-10 18:41:54.686724+0100 TravelCompanion[22800:69300174] [error] error: +[Trip entity] Failed to find a unique match for an NSEntityDescription to a managed object subclass
CoreData: error: +[Trip entity] Failed to find a unique match for an NSEntityDescription to a managed object subclass
2026-01-10 18:41:54.687801+0100 TravelCompanion[22800:69300174] [error] warning: Multiple NSEntityDescriptions claim the NSManagedObject subclass 'Note' so +entity is unable to disambiguate.
CoreData: warning: Multiple NSEntityDescriptions claim the NSManagedObject subclass 'Note' so +entity is unable to disambiguate.
2026-01-10 18:41:54.687840+0100 TravelCompanion[22800:69300174] [error] warning:  	 'Note' (0x60000350c8f0) from NSManagedObjectModel (0x60000215c9b0) claims 'Note'.
CoreData: warning:  	 'Note' (0x60000350c8f0) from NSManagedObjectModel (0x60000215c9b0) claims 'Note'.
2026-01-10 18:41:54.688654+0100 TravelCompanion[22800:69300174] [error] warning:  	 'Note' (0x600003529600) from NSManagedObjectModel (0x600002176990) claims 'Note'.
CoreData: warning:  	 'Note' (0x600003529600) from NSManagedObjectModel (0x600002176990) claims 'Note'.
2026-01-10 18:41:54.688693+0100 TravelCompanion[22800:69300174] [error] error: +[Note entity] Failed to find a unique match for an NSEntityDescription to a managed object subclass
CoreData: error: +[Note entity] Failed to find a unique match for an NSEntityDescription to a managed object subclass
Test Case '-[TravelCompanionTests.CoreDataManagerTests testCreateNote_ShouldAddToTrip]' passed (0.013 seconds).
Test Case '-[TravelCompanionTests.CoreDataManagerTests testCreatePhoto_ShouldAddToTrip]' started.
2026-01-10 18:41:54.699453+0100 TravelCompanion[22800:69300174] [error] error: +[Trip entity] Failed to find a unique match for an NSEntityDescription to a managed object subclass
CoreData: error: +[Trip entity] Failed to find a unique match for an NSEntityDescription to a managed object subclass
2026-01-10 18:41:54.701129+0100 TravelCompanion[22800:69300174] [error] warning: Multiple NSEntityDescriptions claim the NSManagedObject subclass 'Photo' so +entity is unable to disambiguate.
CoreData: warning: Multiple NSEntityDescriptions claim the NSManagedObject subclass 'Photo' so +entity is unable to disambiguate.
2026-01-10 18:41:54.701189+0100 TravelCompanion[22800:69300174] [error] warning:  	 'Photo' (0x60000350c6e0) from NSManagedObjectModel (0x60000215c9b0) claims 'Photo'.
CoreData: warning:  	 'Photo' (0x60000350c6e0) from NSManagedObjectModel (0x60000215c9b0) claims 'Photo'.
2026-01-10 18:41:54.701221+0100 TravelCompanion[22800:69300174] [error] warning:  	 'Photo' (0x600003528d10) from NSManagedObjectModel (0x6000021766c0) claims 'Photo'.
CoreData: warning:  	 'Photo' (0x600003528d10) from NSManagedObjectModel (0x6000021766c0) claims 'Photo'.
2026-01-10 18:41:54.703304+0100 TravelCompanion[22800:69300174] [error] error: +[Photo entity] Failed to find a unique match for an NSEntityDescription to a managed object subclass
CoreData: error: +[Photo entity] Failed to find a unique match for an NSEntityDescription to a managed object subclass
Test Case '-[TravelCompanionTests.CoreDataManagerTests testCreatePhoto_ShouldAddToTrip]' passed (0.011 seconds).
Test Case '-[TravelCompanionTests.CoreDataManagerTests testCreateTrip_WithActiveFlag_ShouldSetIsActive]' started.
2026-01-10 18:41:54.710058+0100 TravelCompanion[22800:69300174] [error] error: +[Trip entity] Failed to find a unique match for an NSEntityDescription to a managed object subclass
CoreData: error: +[Trip entity] Failed to find a unique match for an NSEntityDescription to a managed object subclass
Test Case '-[TravelCompanionTests.CoreDataManagerTests testCreateTrip_WithActiveFlag_ShouldSetIsActive]' passed (0.006 seconds).
Test Case '-[TravelCompanionTests.CoreDataManagerTests testCreateTrip_WithLocalType_ShouldHaveCorrectType]' started.
2026-01-10 18:41:54.715900+0100 TravelCompanion[22800:69300174] [error] error: +[Trip entity] Failed to find a unique match for an NSEntityDescription to a managed object subclass
CoreData: error: +[Trip entity] Failed to find a unique match for an NSEntityDescription to a managed object subclass
Test Case '-[TravelCompanionTests.CoreDataManagerTests testCreateTrip_WithLocalType_ShouldHaveCorrectType]' passed (0.005 seconds).
Test Case '-[TravelCompanionTests.CoreDataManagerTests testCreateTrip_WithValidData_ShouldCreateTrip]' started.
2026-01-10 18:41:54.721099+0100 TravelCompanion[22800:69300174] [error] error: +[Trip entity] Failed to find a unique match for an NSEntityDescription to a managed object subclass
CoreData: error: +[Trip entity] Failed to find a unique match for an NSEntityDescription to a managed object subclass
Test Case '-[TravelCompanionTests.CoreDataManagerTests testCreateTrip_WithValidData_ShouldCreateTrip]' passed (0.005 seconds).
Test Case '-[TravelCompanionTests.CoreDataManagerTests testDeleteTrip_ShouldRemoveTrip]' started.
2026-01-10 18:41:54.725869+0100 TravelCompanion[22800:69300174] [error] error: +[Trip entity] Failed to find a unique match for an NSEntityDescription to a managed object subclass
CoreData: error: +[Trip entity] Failed to find a unique match for an NSEntityDescription to a managed object subclass
Test Case '-[TravelCompanionTests.CoreDataManagerTests testDeleteTrip_ShouldRemoveTrip]' passed (0.005 seconds).
Test Case '-[TravelCompanionTests.CoreDataManagerTests testFetchActiveGeofenceZones_ShouldReturnOnlyActiveZones]' started.
2026-01-10 18:41:54.730398+0100 TravelCompanion[22800:69300174] [error] error: +[GeofenceZone entity] Failed to find a unique match for an NSEntityDescription to a managed object subclass
CoreData: error: +[GeofenceZone entity] Failed to find a unique match for an NSEntityDescription to a managed object subclass
Test Case '-[TravelCompanionTests.CoreDataManagerTests testFetchActiveGeofenceZones_ShouldReturnOnlyActiveZones]' passed (0.008 seconds).
Test Case '-[TravelCompanionTests.CoreDataManagerTests testFetchActiveTrip_WhenExists_ShouldReturnActiveTrip]' started.
2026-01-10 18:41:54.739062+0100 TravelCompanion[22800:69300174] [error] error: +[Trip entity] Failed to find a unique match for an NSEntityDescription to a managed object subclass
CoreData: error: +[Trip entity] Failed to find a unique match for an NSEntityDescription to a managed object subclass
Test Case '-[TravelCompanionTests.CoreDataManagerTests testFetchActiveTrip_WhenExists_ShouldReturnActiveTrip]' passed (0.007 seconds).
Test Case '-[TravelCompanionTests.CoreDataManagerTests testFetchAllGeofenceZones_ShouldReturnAllZones]' started.
2026-01-10 18:41:54.745689+0100 TravelCompanion[22800:69300174] [error] error: +[GeofenceZone entity] Failed to find a unique match for an NSEntityDescription to a managed object subclass
CoreData: error: +[GeofenceZone entity] Failed to find a unique match for an NSEntityDescription to a managed object subclass
Test Case '-[TravelCompanionTests.CoreDataManagerTests testFetchAllGeofenceZones_ShouldReturnAllZones]' passed (0.006 seconds).
Test Case '-[TravelCompanionTests.CoreDataManagerTests testFetchAllTrips_WhenEmpty_ShouldReturnEmptyArray]' started.
Test Case '-[TravelCompanionTests.CoreDataManagerTests testFetchAllTrips_WhenEmpty_ShouldReturnEmptyArray]' passed (0.003 seconds).
Test Case '-[TravelCompanionTests.CoreDataManagerTests testFetchAllTrips_WithMultipleTrips_ShouldReturnAllTrips]' started.
2026-01-10 18:41:54.754369+0100 TravelCompanion[22800:69300174] [error] error: +[Trip entity] Failed to find a unique match for an NSEntityDescription to a managed object subclass
CoreData: error: +[Trip entity] Failed to find a unique match for an NSEntityDescription to a managed object subclass
Test Case '-[TravelCompanionTests.CoreDataManagerTests testFetchAllTrips_WithMultipleTrips_ShouldReturnAllTrips]' passed (0.009 seconds).
Test Case '-[TravelCompanionTests.CoreDataManagerTests testFetchNotes_ShouldReturnNotesForTrip]' started.
2026-01-10 18:41:54.763487+0100 TravelCompanion[22800:69300174] [error] error: +[Trip entity] Failed to find a unique match for an NSEntityDescription to a managed object subclass
CoreData: error: +[Trip entity] Failed to find a unique match for an NSEntityDescription to a managed object subclass
2026-01-10 18:41:54.764690+0100 TravelCompanion[22800:69300174] [error] error: +[Note entity] Failed to find a unique match for an NSEntityDescription to a managed object subclass
CoreData: error: +[Note entity] Failed to find a unique match for an NSEntityDescription to a managed object subclass
Test Case '-[TravelCompanionTests.CoreDataManagerTests testFetchNotes_ShouldReturnNotesForTrip]' passed (0.007 seconds).
Test Case '-[TravelCompanionTests.CoreDataManagerTests testFetchPhotos_ShouldReturnPhotosForTrip]' started.
2026-01-10 18:41:54.770514+0100 TravelCompanion[22800:69300174] [error] error: +[Trip entity] Failed to find a unique match for an NSEntityDescription to a managed object subclass
CoreData: error: +[Trip entity] Failed to find a unique match for an NSEntityDescription to a managed object subclass
2026-01-10 18:41:54.771420+0100 TravelCompanion[22800:69300174] [error] error: +[Photo entity] Failed to find a unique match for an NSEntityDescription to a managed object subclass
CoreData: error: +[Photo entity] Failed to find a unique match for an NSEntityDescription to a managed object subclass
Test Case '-[TravelCompanionTests.CoreDataManagerTests testFetchPhotos_ShouldReturnPhotosForTrip]' passed (0.007 seconds).
Test Case '-[TravelCompanionTests.CoreDataManagerTests testFetchTrips_ByDestination_ShouldReturnMatchingTrips]' started.
2026-01-10 18:41:54.777334+0100 TravelCompanion[22800:69300174] [error] error: +[Trip entity] Failed to find a unique match for an NSEntityDescription to a managed object subclass
CoreData: error: +[Trip entity] Failed to find a unique match for an NSEntityDescription to a managed object subclass
Test Case '-[TravelCompanionTests.CoreDataManagerTests testFetchTrips_ByDestination_ShouldReturnMatchingTrips]' passed (0.009 seconds).
Test Case '-[TravelCompanionTests.CoreDataManagerTests testFetchTrips_FilteredByType_ShouldReturnOnlyMatchingType]' started.
2026-01-10 18:41:54.786015+0100 TravelCompanion[22800:69300174] [error] error: +[Trip entity] Failed to find a unique match for an NSEntityDescription to a managed object subclass
CoreData: error: +[Trip entity] Failed to find a unique match for an NSEntityDescription to a managed object subclass
Test Case '-[TravelCompanionTests.CoreDataManagerTests testFetchTrips_FilteredByType_ShouldReturnOnlyMatchingType]' passed (0.010 seconds).
Test Case '-[TravelCompanionTests.CoreDataManagerTests testGetTotalDistance_ShouldReturnSumOfAllDistances]' started.
2026-01-10 18:41:54.795932+0100 TravelCompanion[22800:69300174] [error] error: +[Trip entity] Failed to find a unique match for an NSEntityDescription to a managed object subclass
CoreData: error: +[Trip entity] Failed to find a unique match for an NSEntityDescription to a managed object subclass
Test Case '-[TravelCompanionTests.CoreDataManagerTests testGetTotalDistance_ShouldReturnSumOfAllDistances]' passed (0.009 seconds).
Test Case '-[TravelCompanionTests.CoreDataManagerTests testGetTotalTripsCount_ShouldReturnCorrectCount]' started.
2026-01-10 18:41:54.804662+0100 TravelCompanion[22800:69300174] [error] error: +[Trip entity] Failed to find a unique match for an NSEntityDescription to a managed object subclass
CoreData: error: +[Trip entity] Failed to find a unique match for an NSEntityDescription to a managed object subclass
Test Case '-[TravelCompanionTests.CoreDataManagerTests testGetTotalTripsCount_ShouldReturnCorrectCount]' passed (0.011 seconds).
Test Case '-[TravelCompanionTests.CoreDataManagerTests testGetTripsCountByMonth_ShouldReturnCorrectDistribution]' started.
2026-01-10 18:41:54.816169+0100 TravelCompanion[22800:69300174] [error] error: +[Trip entity] Failed to find a unique match for an NSEntityDescription to a managed object subclass
CoreData: error: +[Trip entity] Failed to find a unique match for an NSEntityDescription to a managed object subclass
Test Case '-[TravelCompanionTests.CoreDataManagerTests testGetTripsCountByMonth_ShouldReturnCorrectDistribution]' passed (0.007 seconds).
Test Case '-[TravelCompanionTests.CoreDataManagerTests testSetTripActive_ShouldDeactivateOtherTrips]' started.
2026-01-10 18:41:54.822327+0100 TravelCompanion[22800:69300174] [error] error: +[Trip entity] Failed to find a unique match for an NSEntityDescription to a managed object subclass
CoreData: error: +[Trip entity] Failed to find a unique match for an NSEntityDescription to a managed object subclass
Test Case '-[TravelCompanionTests.CoreDataManagerTests testSetTripActive_ShouldDeactivateOtherTrips]' passed (0.008 seconds).
Test Case '-[TravelCompanionTests.CoreDataManagerTests testUpdateTotalDistance_WithMultiplePoints_ShouldCalculateCorrectly]' started.
2026-01-10 18:41:54.830765+0100 TravelCompanion[22800:69300174] [error] error: +[Trip entity] Failed to find a unique match for an NSEntityDescription to a managed object subclass
CoreData: error: +[Trip entity] Failed to find a unique match for an NSEntityDescription to a managed object subclass
2026-01-10 18:41:54.832149+0100 TravelCompanion[22800:69300174] [error] error: +[Route entity] Failed to find a unique match for an NSEntityDescription to a managed object subclass
CoreData: error: +[Route entity] Failed to find a unique match for an NSEntityDescription to a managed object subclass
Test Case '-[TravelCompanionTests.CoreDataManagerTests testUpdateTotalDistance_WithMultiplePoints_ShouldCalculateCorrectly]' passed (0.008 seconds).
Test Suite 'CoreDataManagerTests' passed at 2026-01-10 18:41:54.837.
	 Executed 22 tests, with 0 failures (0 unexpected) in 0.211 (0.221) seconds
Test Suite 'ChatServiceTests' started at 2026-01-10 18:41:54.838.
Test Case '-[TravelCompanionTests.ChatServiceTests testChatMessage_AssistantMessage_ShouldHaveCorrectRole]' started.
⚠️ Warning: OpenAI API key not configured. Please set up Secrets.xcconfig
Test Case '-[TravelCompanionTests.ChatServiceTests testChatMessage_AssistantMessage_ShouldHaveCorrectRole]' passed (0.005 seconds).
Test Case '-[TravelCompanionTests.ChatServiceTests testChatMessage_ShouldHaveTimestamp]' started.
⚠️ Warning: OpenAI API key not configured. Please set up Secrets.xcconfig
Test Case '-[TravelCompanionTests.ChatServiceTests testChatMessage_ShouldHaveTimestamp]' passed (0.001 seconds).
Test Case '-[TravelCompanionTests.ChatServiceTests testChatMessage_ShouldHaveUniqueId]' started.
⚠️ Warning: OpenAI API key not configured. Please set up Secrets.xcconfig
Test Case '-[TravelCompanionTests.ChatServiceTests testChatMessage_ShouldHaveUniqueId]' passed (0.001 seconds).
Test Case '-[TravelCompanionTests.ChatServiceTests testChatMessage_SystemMessage_ShouldHaveCorrectRole]' started.
⚠️ Warning: OpenAI API key not configured. Please set up Secrets.xcconfig
Test Case '-[TravelCompanionTests.ChatServiceTests testChatMessage_SystemMessage_ShouldHaveCorrectRole]' passed (0.000 seconds).
Test Case '-[TravelCompanionTests.ChatServiceTests testChatMessage_UserMessage_ShouldHaveCorrectRole]' started.
⚠️ Warning: OpenAI API key not configured. Please set up Secrets.xcconfig
Test Case '-[TravelCompanionTests.ChatServiceTests testChatMessage_UserMessage_ShouldHaveCorrectRole]' passed (0.000 seconds).
Test Case '-[TravelCompanionTests.ChatServiceTests testChatMessageRole_Assistant_ShouldHaveCorrectRawValue]' started.
⚠️ Warning: OpenAI API key not configured. Please set up Secrets.xcconfig
Test Case '-[TravelCompanionTests.ChatServiceTests testChatMessageRole_Assistant_ShouldHaveCorrectRawValue]' passed (0.000 seconds).
Test Case '-[TravelCompanionTests.ChatServiceTests testChatMessageRole_System_ShouldHaveCorrectRawValue]' started.
⚠️ Warning: OpenAI API key not configured. Please set up Secrets.xcconfig
Test Case '-[TravelCompanionTests.ChatServiceTests testChatMessageRole_System_ShouldHaveCorrectRawValue]' passed (0.000 seconds).
Test Case '-[TravelCompanionTests.ChatServiceTests testChatMessageRole_User_ShouldHaveCorrectRawValue]' started.
⚠️ Warning: OpenAI API key not configured. Please set up Secrets.xcconfig
Test Case '-[TravelCompanionTests.ChatServiceTests testChatMessageRole_User_ShouldHaveCorrectRawValue]' passed (0.000 seconds).
Test Case '-[TravelCompanionTests.ChatServiceTests testChatService_ClearConversation_ShouldResetHistory]' started.
⚠️ Warning: OpenAI API key not configured. Please set up Secrets.xcconfig
⚠️ Warning: OpenAI API key not configured. Please set up Secrets.xcconfig
ChatService: Conversation cleared
Test Case '-[TravelCompanionTests.ChatServiceTests testChatService_ClearConversation_ShouldResetHistory]' passed (0.001 seconds).
Test Case '-[TravelCompanionTests.ChatServiceTests testChatService_GetVisibleMessages_ShouldExcludeSystemMessages]' started.
⚠️ Warning: OpenAI API key not configured. Please set up Secrets.xcconfig
⚠️ Warning: OpenAI API key not configured. Please set up Secrets.xcconfig
Test Case '-[TravelCompanionTests.ChatServiceTests testChatService_GetVisibleMessages_ShouldExcludeSystemMessages]' passed (0.001 seconds).
Test Case '-[TravelCompanionTests.ChatServiceTests testChatService_Init_IsLoadingShouldBeFalse]' started.
⚠️ Warning: OpenAI API key not configured. Please set up Secrets.xcconfig
⚠️ Warning: OpenAI API key not configured. Please set up Secrets.xcconfig
Test Case '-[TravelCompanionTests.ChatServiceTests testChatService_Init_IsLoadingShouldBeFalse]' passed (0.001 seconds).
Test Case '-[TravelCompanionTests.ChatServiceTests testChatService_Init_ShouldHaveSystemPrompt]' started.
⚠️ Warning: OpenAI API key not configured. Please set up Secrets.xcconfig
⚠️ Warning: OpenAI API key not configured. Please set up Secrets.xcconfig
Test Case '-[TravelCompanionTests.ChatServiceTests testChatService_Init_ShouldHaveSystemPrompt]' passed (0.001 seconds).
Test Case '-[TravelCompanionTests.ChatServiceTests testChatService_MessageCount_ShouldReturnVisibleCount]' started.
⚠️ Warning: OpenAI API key not configured. Please set up Secrets.xcconfig
⚠️ Warning: OpenAI API key not configured. Please set up Secrets.xcconfig
Test Case '-[TravelCompanionTests.ChatServiceTests testChatService_MessageCount_ShouldReturnVisibleCount]' passed (0.001 seconds).
Test Case '-[TravelCompanionTests.ChatServiceTests testChatService_SendEmptyMessage_ShouldReturnError]' started.
⚠️ Warning: OpenAI API key not configured. Please set up Secrets.xcconfig
⚠️ Warning: OpenAI API key not configured. Please set up Secrets.xcconfig
Test Case '-[TravelCompanionTests.ChatServiceTests testChatService_SendEmptyMessage_ShouldReturnError]' passed (0.002 seconds).
Test Case '-[TravelCompanionTests.ChatServiceTests testChatServiceError_InvalidAPIKey_ShouldHaveDescription]' started.
⚠️ Warning: OpenAI API key not configured. Please set up Secrets.xcconfig
Test Case '-[TravelCompanionTests.ChatServiceTests testChatServiceError_InvalidAPIKey_ShouldHaveDescription]' passed (0.000 seconds).
Test Case '-[TravelCompanionTests.ChatServiceTests testChatServiceError_InvalidURL_ShouldHaveDescription]' started.
⚠️ Warning: OpenAI API key not configured. Please set up Secrets.xcconfig
Test Case '-[TravelCompanionTests.ChatServiceTests testChatServiceError_InvalidURL_ShouldHaveDescription]' passed (0.000 seconds).
Test Case '-[TravelCompanionTests.ChatServiceTests testChatServiceError_RateLimitExceeded_ShouldHaveDescription]' started.
⚠️ Warning: OpenAI API key not configured. Please set up Secrets.xcconfig
Test Case '-[TravelCompanionTests.ChatServiceTests testChatServiceError_RateLimitExceeded_ShouldHaveDescription]' passed (0.008 seconds).
Test Case '-[TravelCompanionTests.ChatServiceTests testChatServiceError_ServerError_ShouldIncludeStatusCode]' started.
⚠️ Warning: OpenAI API key not configured. Please set up Secrets.xcconfig
Test Case '-[TravelCompanionTests.ChatServiceTests testChatServiceError_ServerError_ShouldIncludeStatusCode]' passed (0.001 seconds).
Test Suite 'ChatServiceTests' passed at 2026-01-10 18:41:54.868.
	 Executed 18 tests, with 0 failures (0 unexpected) in 0.023 (0.030) seconds
Test Suite 'DateExtensionsTests' started at 2026-01-10 18:41:54.869.
Test Case '-[TravelCompanionTests.DateExtensionsTests testDaysBetween_SameDay_ShouldReturnZero]' started.
Test Case '-[TravelCompanionTests.DateExtensionsTests testDaysBetween_SameDay_ShouldReturnZero]' passed (0.000 seconds).
Test Case '-[TravelCompanionTests.DateExtensionsTests testDaysBetween_WithNegativeDifference_ShouldReturnNegativeCount]' started.
Test Case '-[TravelCompanionTests.DateExtensionsTests testDaysBetween_WithNegativeDifference_ShouldReturnNegativeCount]' passed (0.000 seconds).
Test Case '-[TravelCompanionTests.DateExtensionsTests testDaysBetween_WithPositiveDifference_ShouldReturnCorrectCount]' started.
Test Case '-[TravelCompanionTests.DateExtensionsTests testDaysBetween_WithPositiveDifference_ShouldReturnCorrectCount]' passed (0.000 seconds).
Test Case '-[TravelCompanionTests.DateExtensionsTests testEndOfDay_ShouldReturn2359]' started.
Test Case '-[TravelCompanionTests.DateExtensionsTests testEndOfDay_ShouldReturn2359]' passed (0.000 seconds).
Test Case '-[TravelCompanionTests.DateExtensionsTests testEndOfMonth_ShouldReturnLastDayOfMonth]' started.
Test Case '-[TravelCompanionTests.DateExtensionsTests testEndOfMonth_ShouldReturnLastDayOfMonth]' passed (0.000 seconds).
Test Case '-[TravelCompanionTests.DateExtensionsTests testFormatted_WithMediumStyle_ShouldReturnFormattedString]' started.
Test Case '-[TravelCompanionTests.DateExtensionsTests testFormatted_WithMediumStyle_ShouldReturnFormattedString]' passed (0.000 seconds).
Test Case '-[TravelCompanionTests.DateExtensionsTests testFormattedWithTime_ShouldReturnNonEmptyString]' started.
Test Case '-[TravelCompanionTests.DateExtensionsTests testFormattedWithTime_ShouldReturnNonEmptyString]' passed (0.005 seconds).
Test Case '-[TravelCompanionTests.DateExtensionsTests testIsSameDay_WithDifferentDay_ShouldReturnFalse]' started.
Test Case '-[TravelCompanionTests.DateExtensionsTests testIsSameDay_WithDifferentDay_ShouldReturnFalse]' passed (0.000 seconds).
Test Case '-[TravelCompanionTests.DateExtensionsTests testIsSameDay_WithSameDay_ShouldReturnTrue]' started.
Test Case '-[TravelCompanionTests.DateExtensionsTests testIsSameDay_WithSameDay_ShouldReturnTrue]' passed (0.000 seconds).
Test Case '-[TravelCompanionTests.DateExtensionsTests testMonthsBetween_ShouldReturnCorrectCount]' started.
Test Case '-[TravelCompanionTests.DateExtensionsTests testMonthsBetween_ShouldReturnCorrectCount]' passed (0.000 seconds).
Test Case '-[TravelCompanionTests.DateExtensionsTests testStartOfDay_ShouldReturnMidnight]' started.
Test Case '-[TravelCompanionTests.DateExtensionsTests testStartOfDay_ShouldReturnMidnight]' passed (0.000 seconds).
Test Case '-[TravelCompanionTests.DateExtensionsTests testStartOfMonth_ShouldReturnFirstDayOfMonth]' started.
Test Case '-[TravelCompanionTests.DateExtensionsTests testStartOfMonth_ShouldReturnFirstDayOfMonth]' passed (0.001 seconds).
Test Case '-[TravelCompanionTests.DateExtensionsTests testTimeAgo_HoursAgo_ShouldReturnCorrectString]' started.
Test Case '-[TravelCompanionTests.DateExtensionsTests testTimeAgo_HoursAgo_ShouldReturnCorrectString]' passed (0.000 seconds).
Test Case '-[TravelCompanionTests.DateExtensionsTests testTimeAgo_JustNow_ShouldReturnCorrectString]' started.
Test Case '-[TravelCompanionTests.DateExtensionsTests testTimeAgo_JustNow_ShouldReturnCorrectString]' passed (0.000 seconds).
Test Case '-[TravelCompanionTests.DateExtensionsTests testTimeAgo_MinutesAgo_ShouldReturnCorrectString]' started.
Test Case '-[TravelCompanionTests.DateExtensionsTests testTimeAgo_MinutesAgo_ShouldReturnCorrectString]' passed (0.000 seconds).
Test Suite 'DateExtensionsTests' passed at 2026-01-10 18:41:54.891.
	 Executed 15 tests, with 0 failures (0 unexpected) in 0.010 (0.021) seconds
Test Suite 'DistanceCalculatorTests' started at 2026-01-10 18:41:54.893.
Test Case '-[TravelCompanionTests.DistanceCalculatorTests testCalculateAverageSpeed_ShouldReturnCorrectValue]' started.
Test Case '-[TravelCompanionTests.DistanceCalculatorTests testCalculateAverageSpeed_ShouldReturnCorrectValue]' passed (0.000 seconds).
Test Case '-[TravelCompanionTests.DistanceCalculatorTests testCalculateAverageSpeed_WithZeroDistance_ShouldReturnZero]' started.
Test Case '-[TravelCompanionTests.DistanceCalculatorTests testCalculateAverageSpeed_WithZeroDistance_ShouldReturnZero]' passed (0.000 seconds).
Test Case '-[TravelCompanionTests.DistanceCalculatorTests testCalculateAverageSpeed_WithZeroDuration_ShouldReturnZero]' started.
Test Case '-[TravelCompanionTests.DistanceCalculatorTests testCalculateAverageSpeed_WithZeroDuration_ShouldReturnZero]' passed (0.004 seconds).
Test Case '-[TravelCompanionTests.DistanceCalculatorTests testCalculateDistance_WithEmptyArray_ShouldReturnZero]' started.
Test Case '-[TravelCompanionTests.DistanceCalculatorTests testCalculateDistance_WithEmptyArray_ShouldReturnZero]' passed (0.000 seconds).
Test Case '-[TravelCompanionTests.DistanceCalculatorTests testCalculateDistance_WithMultipleLocations_ShouldSumDistances]' started.
Test Case '-[TravelCompanionTests.DistanceCalculatorTests testCalculateDistance_WithMultipleLocations_ShouldSumDistances]' passed (0.000 seconds).
Test Case '-[TravelCompanionTests.DistanceCalculatorTests testCalculateDistance_WithSingleLocation_ShouldReturnZero]' started.
Test Case '-[TravelCompanionTests.DistanceCalculatorTests testCalculateDistance_WithSingleLocation_ShouldReturnZero]' passed (0.007 seconds).
Test Case '-[TravelCompanionTests.DistanceCalculatorTests testCalculateDistance_WithTwoLocations_ShouldReturnCorrectDistance]' started.
Test Case '-[TravelCompanionTests.DistanceCalculatorTests testCalculateDistance_WithTwoLocations_ShouldReturnCorrectDistance]' passed (0.000 seconds).
Test Case '-[TravelCompanionTests.DistanceCalculatorTests testCalculateDuration_ShouldReturnCorrectSeconds]' started.
Test Case '-[TravelCompanionTests.DistanceCalculatorTests testCalculateDuration_ShouldReturnCorrectSeconds]' passed (0.000 seconds).
Test Case '-[TravelCompanionTests.DistanceCalculatorTests testCalculateDuration_WithSameDate_ShouldReturnZero]' started.
Test Case '-[TravelCompanionTests.DistanceCalculatorTests testCalculateDuration_WithSameDate_ShouldReturnZero]' passed (0.000 seconds).
Test Case '-[TravelCompanionTests.DistanceCalculatorTests testFormatDistance_ExactlyOneKm_ShouldShowKilometers]' started.
Test Case '-[TravelCompanionTests.DistanceCalculatorTests testFormatDistance_ExactlyOneKm_ShouldShowKilometers]' passed (0.000 seconds).
Test Case '-[TravelCompanionTests.DistanceCalculatorTests testFormatDistance_OverOneKm_ShouldShowKilometers]' started.
Test Case '-[TravelCompanionTests.DistanceCalculatorTests testFormatDistance_OverOneKm_ShouldShowKilometers]' passed (0.000 seconds).
Test Case '-[TravelCompanionTests.DistanceCalculatorTests testFormatDistance_UnderOneKm_ShouldShowMeters]' started.
Test Case '-[TravelCompanionTests.DistanceCalculatorTests testFormatDistance_UnderOneKm_ShouldShowMeters]' passed (0.000 seconds).
Test Case '-[TravelCompanionTests.DistanceCalculatorTests testFormatDistance_Zero_ShouldShowZeroMeters]' started.
Test Case '-[TravelCompanionTests.DistanceCalculatorTests testFormatDistance_Zero_ShouldShowZeroMeters]' passed (0.000 seconds).
Test Case '-[TravelCompanionTests.DistanceCalculatorTests testFormatDuration_OverOneHour_ShouldShowHoursAndMinutes]' started.
Test Case '-[TravelCompanionTests.DistanceCalculatorTests testFormatDuration_OverOneHour_ShouldShowHoursAndMinutes]' passed (0.001 seconds).
Test Case '-[TravelCompanionTests.DistanceCalculatorTests testFormatDuration_UnderOneHour_ShouldShowMinutesAndSeconds]' started.
Test Case '-[TravelCompanionTests.DistanceCalculatorTests testFormatDuration_UnderOneHour_ShouldShowMinutesAndSeconds]' passed (0.000 seconds).
Test Case '-[TravelCompanionTests.DistanceCalculatorTests testFormatDuration_UnderOneMinute_ShouldShowSeconds]' started.
Test Case '-[TravelCompanionTests.DistanceCalculatorTests testFormatDuration_UnderOneMinute_ShouldShowSeconds]' passed (0.000 seconds).
Test Case '-[TravelCompanionTests.DistanceCalculatorTests testFormatSpeed_ShouldReturnFormattedString]' started.
Test Case '-[TravelCompanionTests.DistanceCalculatorTests testFormatSpeed_ShouldReturnFormattedString]' passed (0.000 seconds).
Test Case '-[TravelCompanionTests.DistanceCalculatorTests testFormatSpeed_WithZero_ShouldReturnZeroFormatted]' started.
Test Case '-[TravelCompanionTests.DistanceCalculatorTests testFormatSpeed_WithZero_ShouldReturnZeroFormatted]' passed (0.000 seconds).
Test Suite 'DistanceCalculatorTests' passed at 2026-01-10 18:41:54.923.
	 Executed 18 tests, with 0 failures (0 unexpected) in 0.017 (0.030) seconds
Test Suite 'TripTypeTests' started at 2026-01-10 18:41:54.924.
Test Case '-[TravelCompanionTests.TripTypeTests testTripType_AllCases_ShouldContainAllTypes]' started.
Test Case '-[TravelCompanionTests.TripTypeTests testTripType_AllCases_ShouldContainAllTypes]' passed (0.000 seconds).
Test Case '-[TravelCompanionTests.TripTypeTests testTripType_AllCases_ShouldContainThreeTypes]' started.
Test Case '-[TravelCompanionTests.TripTypeTests testTripType_AllCases_ShouldContainThreeTypes]' passed (0.005 seconds).
Test Case '-[TravelCompanionTests.TripTypeTests testTripType_AllTypes_ShouldHaveColor]' started.
Test Case '-[TravelCompanionTests.TripTypeTests testTripType_AllTypes_ShouldHaveColor]' passed (0.001 seconds).
Test Case '-[TravelCompanionTests.TripTypeTests testTripType_AllTypes_ShouldHaveIconName]' started.
Test Case '-[TravelCompanionTests.TripTypeTests testTripType_AllTypes_ShouldHaveIconName]' passed (0.000 seconds).
Test Case '-[TravelCompanionTests.TripTypeTests testTripType_DayTrip_ShouldHaveCorrectDisplayName]' started.
Test Case '-[TravelCompanionTests.TripTypeTests testTripType_DayTrip_ShouldHaveCorrectDisplayName]' passed (0.000 seconds).
Test Case '-[TravelCompanionTests.TripTypeTests testTripType_DayTrip_ShouldHaveCorrectRawValue]' started.
Test Case '-[TravelCompanionTests.TripTypeTests testTripType_DayTrip_ShouldHaveCorrectRawValue]' passed (0.000 seconds).
Test Case '-[TravelCompanionTests.TripTypeTests testTripType_DayTrip_ShouldNotRequireEndDate]' started.
Test Case '-[TravelCompanionTests.TripTypeTests testTripType_DayTrip_ShouldNotRequireEndDate]' passed (0.000 seconds).
Test Case '-[TravelCompanionTests.TripTypeTests testTripType_DifferentTypes_ShouldHaveDifferentColors]' started.
Test Case '-[TravelCompanionTests.TripTypeTests testTripType_DifferentTypes_ShouldHaveDifferentColors]' passed (0.000 seconds).
Test Case '-[TravelCompanionTests.TripTypeTests testTripType_InitFromInvalidRawValue_ShouldReturnNil]' started.
Test Case '-[TravelCompanionTests.TripTypeTests testTripType_InitFromInvalidRawValue_ShouldReturnNil]' passed (0.000 seconds).
Test Case '-[TravelCompanionTests.TripTypeTests testTripType_InitFromInvalidSegmentIndex_ShouldReturnLocal]' started.
Test Case '-[TravelCompanionTests.TripTypeTests testTripType_InitFromInvalidSegmentIndex_ShouldReturnLocal]' passed (0.000 seconds).
Test Case '-[TravelCompanionTests.TripTypeTests testTripType_InitFromSegmentIndex_ShouldReturnCorrectType]' started.
Test Case '-[TravelCompanionTests.TripTypeTests testTripType_InitFromSegmentIndex_ShouldReturnCorrectType]' passed (0.000 seconds).
Test Case '-[TravelCompanionTests.TripTypeTests testTripType_InitFromValidRawValue_ShouldReturnCorrectType]' started.
Test Case '-[TravelCompanionTests.TripTypeTests testTripType_InitFromValidRawValue_ShouldReturnCorrectType]' passed (0.000 seconds).
Test Case '-[TravelCompanionTests.TripTypeTests testTripType_Local_ShouldHaveCorrectDisplayName]' started.
Test Case '-[TravelCompanionTests.TripTypeTests testTripType_Local_ShouldHaveCorrectDisplayName]' passed (0.000 seconds).
Test Case '-[TravelCompanionTests.TripTypeTests testTripType_Local_ShouldHaveCorrectRawValue]' started.
Test Case '-[TravelCompanionTests.TripTypeTests testTripType_Local_ShouldHaveCorrectRawValue]' passed (0.000 seconds).
Test Case '-[TravelCompanionTests.TripTypeTests testTripType_Local_ShouldNotRequireEndDate]' started.
Test Case '-[TravelCompanionTests.TripTypeTests testTripType_Local_ShouldNotRequireEndDate]' passed (0.000 seconds).
Test Case '-[TravelCompanionTests.TripTypeTests testTripType_MultiDay_ShouldHaveCorrectDisplayName]' started.
Test Case '-[TravelCompanionTests.TripTypeTests testTripType_MultiDay_ShouldHaveCorrectDisplayName]' passed (0.000 seconds).
Test Case '-[TravelCompanionTests.TripTypeTests testTripType_MultiDay_ShouldHaveCorrectRawValue]' started.
Test Case '-[TravelCompanionTests.TripTypeTests testTripType_MultiDay_ShouldHaveCorrectRawValue]' passed (0.000 seconds).
Test Case '-[TravelCompanionTests.TripTypeTests testTripType_MultiDay_ShouldRequireEndDate]' started.
Test Case '-[TravelCompanionTests.TripTypeTests testTripType_MultiDay_ShouldRequireEndDate]' passed (0.000 seconds).
Test Case '-[TravelCompanionTests.TripTypeTests testTripType_SegmentIndex_ShouldReturnCorrectIndex]' started.
Test Case '-[TravelCompanionTests.TripTypeTests testTripType_SegmentIndex_ShouldReturnCorrectIndex]' passed (0.000 seconds).
Test Suite 'TripTypeTests' passed at 2026-01-10 18:41:54.939.
	 Executed 19 tests, with 0 failures (0 unexpected) in 0.012 (0.015) seconds
